<?xml version="1.0" encoding="UTF-8"?>
<!-- Generated by org.testng.reporters.JUnitReportReporter -->
<testsuite hostname="D3SWZ353" failures="0" tests="4" name="api.testcases.UserTest" time="7.295" errors="0" timestamp="2023-10-17T20:15:29 IST" skipped="0">
  <testcase classname="api.testcases.UserTest" name="verifyGetUser" time="1.167"/>
  <system-out/>
  <testcase classname="api.testcases.UserTest" name="verifyCreateUser" time="2.577"/>
  <system-out/>
  <testcase classname="api.testcases.UserTest" name="verifyUpdateUser" time="2.355"/>
  <system-out/>
  <testcase classname="api.testcases.UserTest" name="verifyDeleteUser" time="1.196"/>
  <system-out/>
</testsuite> <!-- api.testcases.UserTest -->
